15:14:51.120 [restartedMain] INFO  c.r.RuoYiApplication - [logStarting,55] - Starting RuoYiApplication using Java 1.8.0_281 on zhaodong with PID 16951 (/Users/zhaodong/code/git/RuoYi/ruoyi-admin/target/classes started by zhaodong in /Users/zhaodong/code/git/RuoYi)
15:14:51.123 [background-preinit] INFO  o.h.v.i.util.Version - [<clinit>,21] - HV000001: Hibernate Validator 6.2.3.Final
15:14:51.133 [restartedMain] INFO  c.r.RuoYiApplication - [logStartupProfileInfo,681] - The following 1 profile is active: "druid"
15:14:54.231 [restartedMain] INFO  o.a.s.c.e.EhCacheManager - [getCache,169] - Using existing EHCache named [sys-authCache]
15:14:55.401 [restartedMain] INFO  o.a.s.c.e.EhCacheManager - [getCache,169] - Using existing EHCache named [loginRecordCache]
15:14:58.621 [restartedMain] INFO  c.a.d.p.DruidDataSource - [init,998] - {dataSource-1} inited
15:14:58.807 [restartedMain] INFO  o.a.s.c.e.EhCacheManager - [getCache,169] - Using existing EHCache named [sys-config]
15:14:58.810 [restartedMain] INFO  o.a.s.c.e.EhCacheManager - [getCache,169] - Using existing EHCache named [sys-config]
15:14:58.810 [restartedMain] INFO  o.a.s.c.e.EhCacheManager - [getCache,169] - Using existing EHCache named [sys-config]
15:14:58.811 [restartedMain] INFO  o.a.s.c.e.EhCacheManager - [getCache,169] - Using existing EHCache named [sys-config]
15:14:58.811 [restartedMain] INFO  o.a.s.c.e.EhCacheManager - [getCache,169] - Using existing EHCache named [sys-config]
15:14:58.812 [restartedMain] INFO  o.a.s.c.e.EhCacheManager - [getCache,169] - Using existing EHCache named [sys-config]
15:14:58.813 [restartedMain] INFO  o.a.s.c.e.EhCacheManager - [getCache,169] - Using existing EHCache named [sys-config]
15:14:58.813 [restartedMain] INFO  o.a.s.c.e.EhCacheManager - [getCache,169] - Using existing EHCache named [sys-config]
15:14:58.813 [restartedMain] INFO  o.a.s.c.e.EhCacheManager - [getCache,169] - Using existing EHCache named [sys-config]
15:14:58.815 [restartedMain] INFO  o.a.s.c.e.EhCacheManager - [getCache,169] - Using existing EHCache named [sys-config]
15:14:59.001 [restartedMain] INFO  o.a.s.c.e.EhCacheManager - [getCache,169] - Using existing EHCache named [sys-userCache]
15:14:59.296 [restartedMain] INFO  o.a.c.h.Http11NioProtocol - [log,173] - Initializing ProtocolHandler ["http-nio-6001"]
15:14:59.297 [restartedMain] INFO  o.a.c.c.StandardService - [log,173] - Starting service [Tomcat]
15:14:59.297 [restartedMain] INFO  o.a.c.c.StandardEngine - [log,173] - Starting Servlet engine: [Apache Tomcat/9.0.60]
15:14:59.400 [restartedMain] INFO  o.a.c.c.C.[.[.[/] - [log,173] - Initializing Spring embedded WebApplicationContext
15:14:59.882 [restartedMain] INFO  o.a.s.c.e.EhCacheManager - [getCache,169] - Using existing EHCache named [sys-dict]
15:14:59.883 [restartedMain] INFO  o.a.s.c.e.EhCacheManager - [getCache,169] - Using existing EHCache named [sys-dict]
15:14:59.883 [restartedMain] INFO  o.a.s.c.e.EhCacheManager - [getCache,169] - Using existing EHCache named [sys-dict]
15:14:59.884 [restartedMain] INFO  o.a.s.c.e.EhCacheManager - [getCache,169] - Using existing EHCache named [sys-dict]
15:14:59.884 [restartedMain] INFO  o.a.s.c.e.EhCacheManager - [getCache,169] - Using existing EHCache named [sys-dict]
15:14:59.884 [restartedMain] INFO  o.a.s.c.e.EhCacheManager - [getCache,169] - Using existing EHCache named [sys-dict]
15:14:59.884 [restartedMain] INFO  o.a.s.c.e.EhCacheManager - [getCache,169] - Using existing EHCache named [sys-dict]
15:14:59.885 [restartedMain] INFO  o.a.s.c.e.EhCacheManager - [getCache,169] - Using existing EHCache named [sys-dict]
15:14:59.885 [restartedMain] INFO  o.a.s.c.e.EhCacheManager - [getCache,169] - Using existing EHCache named [sys-dict]
15:14:59.886 [restartedMain] INFO  o.a.s.c.e.EhCacheManager - [getCache,169] - Using existing EHCache named [sys-dict]
15:15:01.934 [restartedMain] INFO  o.a.c.h.Http11NioProtocol - [log,173] - Starting ProtocolHandler ["http-nio-6001"]
15:15:01.983 [restartedMain] INFO  org.mortbay.log - [info,67] - Logging to Logger[org.mortbay.log] via org.mortbay.log.Slf4jLog
15:15:02.637 [restartedMain] INFO  c.r.RuoYiApplication - [logStarted,61] - Started RuoYiApplication in 12.213 seconds (JVM running for 13.136)
15:16:09.633 [http-nio-6001-exec-1] INFO  o.a.c.c.C.[.[.[/] - [log,173] - Initializing Spring DispatcherServlet 'dispatcherServlet'
15:16:09.658 [http-nio-6001-exec-1] INFO  o.a.s.s.m.AbstractValidatingSessionManager - [enableSessionValidation,233] - Enabling session validation scheduler...
15:16:09.689 [http-nio-6001-exec-1] INFO  o.a.s.c.e.EhCacheManager - [getCache,169] - Using existing EHCache named [shiro-activeSessionCache]
15:16:09.783 [http-nio-6001-exec-2] INFO  o.a.s.c.e.EhCacheManager - [getCache,169] - Using existing EHCache named [sys-config]
15:16:10.689 [schedule-pool-1] INFO  c.r.f.s.w.s.OnlineWebSessionManager - [validateSessions,100] - invalidation sessions...
15:16:11.468 [schedule-pool-1] INFO  c.r.f.s.w.s.OnlineWebSessionManager - [validateSessions,165] - Finished invalidation session. No sessions were stopped.
15:16:18.127 [schedule-pool-2] INFO  sys-user - [run,109] - [127.0.0.1]内网IP[admin][Success][登录成功]
15:16:18.443 [http-nio-6001-exec-16] INFO  o.a.s.c.e.EhCacheManager - [getCache,169] - Using existing EHCache named [sys-config]
15:16:18.445 [http-nio-6001-exec-16] INFO  o.a.s.c.e.EhCacheManager - [getCache,169] - Using existing EHCache named [sys-config]
15:16:18.446 [http-nio-6001-exec-16] INFO  o.a.s.c.e.EhCacheManager - [getCache,169] - Using existing EHCache named [sys-config]
15:16:18.447 [http-nio-6001-exec-16] INFO  o.a.s.c.e.EhCacheManager - [getCache,169] - Using existing EHCache named [sys-config]
15:16:18.448 [http-nio-6001-exec-16] INFO  o.a.s.c.e.EhCacheManager - [getCache,169] - Using existing EHCache named [sys-config]
15:16:18.449 [http-nio-6001-exec-16] INFO  o.a.s.c.e.EhCacheManager - [getCache,169] - Using existing EHCache named [sys-config]
15:16:18.450 [http-nio-6001-exec-16] INFO  o.a.s.c.e.EhCacheManager - [getCache,169] - Using existing EHCache named [sys-config]
15:18:22.532 [Thread-7] INFO  sys-user - [shutdownSpringSessionValidationScheduler,45] - ====关闭会话验证任务====
15:18:22.545 [Thread-7] INFO  sys-user - [shutdownAsyncManager,62] - ====关闭后台任务任务线程池====
15:18:22.545 [Thread-7] INFO  sys-user - [shutdownEhCacheManager,75] - ====关闭缓存====
15:18:22.584 [Thread-7] INFO  c.a.d.p.DruidDataSource - [close,2071] - {dataSource-1} closing ...
15:18:22.608 [Thread-7] INFO  c.a.d.p.DruidDataSource - [close,2144] - {dataSource-1} closed
15:18:23.185 [restartedMain] INFO  c.r.RuoYiApplication - [logStarting,55] - Starting RuoYiApplication using Java 1.8.0_281 on zhaodong with PID 16951 (/Users/zhaodong/code/git/RuoYi/ruoyi-admin/target/classes started by zhaodong in /Users/zhaodong/code/git/RuoYi)
15:18:23.187 [restartedMain] INFO  c.r.RuoYiApplication - [logStartupProfileInfo,681] - The following 1 profile is active: "druid"
15:18:23.923 [restartedMain] INFO  o.a.c.h.Http11NioProtocol - [log,173] - Initializing ProtocolHandler ["http-nio-6001"]
15:18:23.925 [restartedMain] INFO  o.a.c.c.StandardService - [log,173] - Starting service [Tomcat]
15:18:23.925 [restartedMain] INFO  o.a.c.c.StandardEngine - [log,173] - Starting Servlet engine: [Apache Tomcat/9.0.60]
15:18:23.959 [restartedMain] INFO  o.a.c.c.C.[.[.[/] - [log,173] - Initializing Spring embedded WebApplicationContext
15:18:24.275 [restartedMain] INFO  c.a.d.s.b.a.DruidDataSourceAutoConfigure - [dataSource,56] - Init DruidDataSource
15:18:24.308 [restartedMain] INFO  o.a.c.c.StandardService - [log,173] - Stopping service [Tomcat]
15:18:28.916 [restartedMain] INFO  c.r.RuoYiApplication - [logStarting,55] - Starting RuoYiApplication using Java 1.8.0_281 on zhaodong with PID 16951 (/Users/zhaodong/code/git/RuoYi/ruoyi-admin/target/classes started by zhaodong in /Users/zhaodong/code/git/RuoYi)
15:18:28.917 [restartedMain] INFO  c.r.RuoYiApplication - [logStartupProfileInfo,681] - The following 1 profile is active: "druid"
15:18:29.664 [restartedMain] INFO  o.a.c.h.Http11NioProtocol - [log,173] - Initializing ProtocolHandler ["http-nio-6001"]
15:18:29.666 [restartedMain] INFO  o.a.c.c.StandardService - [log,173] - Starting service [Tomcat]
15:18:29.666 [restartedMain] INFO  o.a.c.c.StandardEngine - [log,173] - Starting Servlet engine: [Apache Tomcat/9.0.60]
15:18:29.696 [restartedMain] INFO  o.a.c.c.C.[.[.[/] - [log,173] - Initializing Spring embedded WebApplicationContext
15:18:29.996 [restartedMain] INFO  c.a.d.s.b.a.DruidDataSourceAutoConfigure - [dataSource,56] - Init DruidDataSource
15:18:30.024 [restartedMain] INFO  o.a.c.c.StandardService - [log,173] - Stopping service [Tomcat]
15:18:33.306 [restartedMain] INFO  c.r.RuoYiApplication - [logStarting,55] - Starting RuoYiApplication using Java 1.8.0_281 on zhaodong with PID 16951 (/Users/zhaodong/code/git/RuoYi/ruoyi-admin/target/classes started by zhaodong in /Users/zhaodong/code/git/RuoYi)
15:18:33.307 [restartedMain] INFO  c.r.RuoYiApplication - [logStartupProfileInfo,681] - The following 1 profile is active: "druid"
15:18:33.807 [restartedMain] INFO  o.a.c.h.Http11NioProtocol - [log,173] - Initializing ProtocolHandler ["http-nio-6001"]
15:18:33.808 [restartedMain] INFO  o.a.c.c.StandardService - [log,173] - Starting service [Tomcat]
15:18:33.808 [restartedMain] INFO  o.a.c.c.StandardEngine - [log,173] - Starting Servlet engine: [Apache Tomcat/9.0.60]
15:18:33.831 [restartedMain] INFO  o.a.c.c.C.[.[.[/] - [log,173] - Initializing Spring embedded WebApplicationContext
15:18:33.936 [restartedMain] INFO  c.a.d.s.b.a.DruidDataSourceAutoConfigure - [dataSource,56] - Init DruidDataSource
15:18:33.985 [restartedMain] INFO  o.a.c.c.StandardService - [log,173] - Stopping service [Tomcat]
15:18:36.051 [restartedMain] INFO  c.r.RuoYiApplication - [logStarting,55] - Starting RuoYiApplication using Java 1.8.0_281 on zhaodong with PID 16951 (/Users/zhaodong/code/git/RuoYi/ruoyi-admin/target/classes started by zhaodong in /Users/zhaodong/code/git/RuoYi)
15:18:36.053 [restartedMain] INFO  c.r.RuoYiApplication - [logStartupProfileInfo,681] - The following 1 profile is active: "druid"
15:18:36.999 [restartedMain] INFO  o.a.s.c.e.EhCacheManager - [getCache,169] - Using existing EHCache named [sys-authCache]
15:18:37.615 [restartedMain] INFO  o.a.s.c.e.EhCacheManager - [getCache,169] - Using existing EHCache named [loginRecordCache]
15:18:40.423 [restartedMain] INFO  c.a.d.p.DruidDataSource - [init,998] - {dataSource-2} inited
15:18:40.489 [restartedMain] INFO  o.a.s.c.e.EhCacheManager - [getCache,169] - Using existing EHCache named [sys-config]
15:18:40.491 [restartedMain] INFO  o.a.s.c.e.EhCacheManager - [getCache,169] - Using existing EHCache named [sys-config]
15:18:40.494 [restartedMain] INFO  o.a.s.c.e.EhCacheManager - [getCache,169] - Using existing EHCache named [sys-config]
15:18:40.495 [restartedMain] INFO  o.a.s.c.e.EhCacheManager - [getCache,169] - Using existing EHCache named [sys-config]
15:18:40.495 [restartedMain] INFO  o.a.s.c.e.EhCacheManager - [getCache,169] - Using existing EHCache named [sys-config]
15:18:40.495 [restartedMain] INFO  o.a.s.c.e.EhCacheManager - [getCache,169] - Using existing EHCache named [sys-config]
15:18:40.496 [restartedMain] INFO  o.a.s.c.e.EhCacheManager - [getCache,169] - Using existing EHCache named [sys-config]
15:18:40.496 [restartedMain] INFO  o.a.s.c.e.EhCacheManager - [getCache,169] - Using existing EHCache named [sys-config]
15:18:40.498 [restartedMain] INFO  o.a.s.c.e.EhCacheManager - [getCache,169] - Using existing EHCache named [sys-config]
15:18:40.498 [restartedMain] INFO  o.a.s.c.e.EhCacheManager - [getCache,169] - Using existing EHCache named [sys-config]
15:18:40.578 [restartedMain] INFO  o.a.s.c.e.EhCacheManager - [getCache,169] - Using existing EHCache named [sys-userCache]
15:18:40.730 [restartedMain] INFO  o.a.c.h.Http11NioProtocol - [log,173] - Initializing ProtocolHandler ["http-nio-6001"]
15:18:40.730 [restartedMain] INFO  o.a.c.c.StandardService - [log,173] - Starting service [Tomcat]
15:18:40.731 [restartedMain] INFO  o.a.c.c.StandardEngine - [log,173] - Starting Servlet engine: [Apache Tomcat/9.0.60]
15:18:40.743 [restartedMain] INFO  o.a.c.c.C.[.[.[/] - [log,173] - Initializing Spring embedded WebApplicationContext
15:18:40.865 [restartedMain] INFO  o.a.s.c.e.EhCacheManager - [getCache,169] - Using existing EHCache named [sys-dict]
15:18:40.866 [restartedMain] INFO  o.a.s.c.e.EhCacheManager - [getCache,169] - Using existing EHCache named [sys-dict]
15:18:40.866 [restartedMain] INFO  o.a.s.c.e.EhCacheManager - [getCache,169] - Using existing EHCache named [sys-dict]
15:18:40.867 [restartedMain] INFO  o.a.s.c.e.EhCacheManager - [getCache,169] - Using existing EHCache named [sys-dict]
15:18:40.867 [restartedMain] INFO  o.a.s.c.e.EhCacheManager - [getCache,169] - Using existing EHCache named [sys-dict]
15:18:40.867 [restartedMain] INFO  o.a.s.c.e.EhCacheManager - [getCache,169] - Using existing EHCache named [sys-dict]
15:18:40.867 [restartedMain] INFO  o.a.s.c.e.EhCacheManager - [getCache,169] - Using existing EHCache named [sys-dict]
15:18:40.868 [restartedMain] INFO  o.a.s.c.e.EhCacheManager - [getCache,169] - Using existing EHCache named [sys-dict]
15:18:40.870 [restartedMain] INFO  o.a.s.c.e.EhCacheManager - [getCache,169] - Using existing EHCache named [sys-dict]
15:18:40.872 [restartedMain] INFO  o.a.s.c.e.EhCacheManager - [getCache,169] - Using existing EHCache named [sys-dict]
15:18:41.936 [restartedMain] INFO  o.a.c.h.Http11NioProtocol - [log,173] - Starting ProtocolHandler ["http-nio-6001"]
15:18:42.181 [restartedMain] INFO  c.r.RuoYiApplication - [logStarted,61] - Started RuoYiApplication in 6.548 seconds (JVM running for 232.685)
15:18:46.054 [http-nio-6001-exec-1] INFO  o.a.c.c.C.[.[.[/] - [log,173] - Initializing Spring DispatcherServlet 'dispatcherServlet'
15:18:46.069 [http-nio-6001-exec-1] INFO  o.a.s.s.m.AbstractValidatingSessionManager - [enableSessionValidation,233] - Enabling session validation scheduler...
15:18:46.077 [http-nio-6001-exec-1] INFO  o.a.s.c.e.EhCacheManager - [getCache,169] - Using existing EHCache named [shiro-activeSessionCache]
15:18:47.094 [schedule-pool-1] INFO  c.r.f.s.w.s.OnlineWebSessionManager - [validateSessions,100] - invalidation sessions...
15:18:47.120 [schedule-pool-1] INFO  c.r.f.s.w.s.OnlineWebSessionManager - [validateSessions,165] - Finished invalidation session. No sessions were stopped.
15:18:58.510 [restartedMain] INFO  c.r.RuoYiApplication - [logStarting,55] - Starting RuoYiApplication using Java 1.8.0_281 on zhaodong with PID 17098 (/Users/zhaodong/code/git/RuoYi/ruoyi-admin/target/classes started by zhaodong in /Users/zhaodong/code/git/RuoYi)
15:18:58.512 [restartedMain] INFO  c.r.RuoYiApplication - [logStartupProfileInfo,681] - The following 1 profile is active: "druid"
15:18:58.514 [background-preinit] INFO  o.h.v.i.util.Version - [<clinit>,21] - HV000001: Hibernate Validator 6.2.3.Final
15:19:00.439 [restartedMain] INFO  o.a.s.c.e.EhCacheManager - [getCache,169] - Using existing EHCache named [sys-authCache]
15:19:01.441 [restartedMain] INFO  o.a.s.c.e.EhCacheManager - [getCache,169] - Using existing EHCache named [loginRecordCache]
15:19:04.621 [restartedMain] INFO  c.a.d.p.DruidDataSource - [init,998] - {dataSource-1} inited
15:19:04.792 [restartedMain] INFO  o.a.s.c.e.EhCacheManager - [getCache,169] - Using existing EHCache named [sys-config]
15:19:04.795 [restartedMain] INFO  o.a.s.c.e.EhCacheManager - [getCache,169] - Using existing EHCache named [sys-config]
15:19:04.796 [restartedMain] INFO  o.a.s.c.e.EhCacheManager - [getCache,169] - Using existing EHCache named [sys-config]
15:19:04.796 [restartedMain] INFO  o.a.s.c.e.EhCacheManager - [getCache,169] - Using existing EHCache named [sys-config]
15:19:04.796 [restartedMain] INFO  o.a.s.c.e.EhCacheManager - [getCache,169] - Using existing EHCache named [sys-config]
15:19:04.799 [restartedMain] INFO  o.a.s.c.e.EhCacheManager - [getCache,169] - Using existing EHCache named [sys-config]
15:19:04.799 [restartedMain] INFO  o.a.s.c.e.EhCacheManager - [getCache,169] - Using existing EHCache named [sys-config]
15:19:04.799 [restartedMain] INFO  o.a.s.c.e.EhCacheManager - [getCache,169] - Using existing EHCache named [sys-config]
15:19:04.800 [restartedMain] INFO  o.a.s.c.e.EhCacheManager - [getCache,169] - Using existing EHCache named [sys-config]
15:19:04.801 [restartedMain] INFO  o.a.s.c.e.EhCacheManager - [getCache,169] - Using existing EHCache named [sys-config]
15:19:04.941 [restartedMain] INFO  o.a.s.c.e.EhCacheManager - [getCache,169] - Using existing EHCache named [sys-userCache]
15:19:05.200 [restartedMain] INFO  o.a.c.h.Http11NioProtocol - [log,173] - Initializing ProtocolHandler ["http-nio-6001"]
15:19:05.201 [restartedMain] INFO  o.a.c.c.StandardService - [log,173] - Starting service [Tomcat]
15:19:05.201 [restartedMain] INFO  o.a.c.c.StandardEngine - [log,173] - Starting Servlet engine: [Apache Tomcat/9.0.60]
15:19:05.281 [restartedMain] INFO  o.a.c.c.C.[.[.[/] - [log,173] - Initializing Spring embedded WebApplicationContext
15:19:05.735 [restartedMain] INFO  o.a.s.c.e.EhCacheManager - [getCache,169] - Using existing EHCache named [sys-dict]
15:19:05.735 [restartedMain] INFO  o.a.s.c.e.EhCacheManager - [getCache,169] - Using existing EHCache named [sys-dict]
15:19:05.736 [restartedMain] INFO  o.a.s.c.e.EhCacheManager - [getCache,169] - Using existing EHCache named [sys-dict]
15:19:05.736 [restartedMain] INFO  o.a.s.c.e.EhCacheManager - [getCache,169] - Using existing EHCache named [sys-dict]
15:19:05.736 [restartedMain] INFO  o.a.s.c.e.EhCacheManager - [getCache,169] - Using existing EHCache named [sys-dict]
15:19:05.736 [restartedMain] INFO  o.a.s.c.e.EhCacheManager - [getCache,169] - Using existing EHCache named [sys-dict]
15:19:05.737 [restartedMain] INFO  o.a.s.c.e.EhCacheManager - [getCache,169] - Using existing EHCache named [sys-dict]
15:19:05.737 [restartedMain] INFO  o.a.s.c.e.EhCacheManager - [getCache,169] - Using existing EHCache named [sys-dict]
15:19:05.737 [restartedMain] INFO  o.a.s.c.e.EhCacheManager - [getCache,169] - Using existing EHCache named [sys-dict]
15:19:05.738 [restartedMain] INFO  o.a.s.c.e.EhCacheManager - [getCache,169] - Using existing EHCache named [sys-dict]
15:19:07.609 [restartedMain] INFO  o.a.c.h.Http11NioProtocol - [log,173] - Starting ProtocolHandler ["http-nio-6001"]
15:19:07.642 [restartedMain] INFO  org.mortbay.log - [info,67] - Logging to Logger[org.mortbay.log] via org.mortbay.log.Slf4jLog
15:19:08.202 [restartedMain] INFO  c.r.RuoYiApplication - [logStarted,61] - Started RuoYiApplication in 10.239 seconds (JVM running for 11.245)
15:19:10.669 [http-nio-6001-exec-1] INFO  o.a.c.c.C.[.[.[/] - [log,173] - Initializing Spring DispatcherServlet 'dispatcherServlet'
15:19:10.690 [http-nio-6001-exec-1] INFO  o.a.s.s.m.AbstractValidatingSessionManager - [enableSessionValidation,233] - Enabling session validation scheduler...
15:19:10.731 [http-nio-6001-exec-1] INFO  o.a.s.c.e.EhCacheManager - [getCache,169] - Using existing EHCache named [sys-config]
15:19:11.717 [schedule-pool-1] INFO  c.r.f.s.w.s.OnlineWebSessionManager - [validateSessions,100] - invalidation sessions...
15:19:11.827 [schedule-pool-1] INFO  c.r.f.s.w.s.OnlineWebSessionManager - [validateSessions,165] - Finished invalidation session. No sessions were stopped.
15:20:31.987 [restartedMain] INFO  c.r.RuoYiApplication - [logStarting,55] - Starting RuoYiApplication using Java 1.8.0_281 on zhaodong with PID 17147 (/Users/zhaodong/code/git/RuoYi/ruoyi-admin/target/classes started by zhaodong in /Users/zhaodong/code/git/RuoYi)
15:20:31.991 [restartedMain] INFO  c.r.RuoYiApplication - [logStartupProfileInfo,681] - The following 1 profile is active: "druid"
15:20:31.992 [background-preinit] INFO  o.h.v.i.util.Version - [<clinit>,21] - HV000001: Hibernate Validator 6.2.3.Final
15:20:33.904 [restartedMain] INFO  o.a.s.c.e.EhCacheManager - [getCache,169] - Using existing EHCache named [sys-authCache]
15:20:34.959 [restartedMain] INFO  o.a.s.c.e.EhCacheManager - [getCache,169] - Using existing EHCache named [loginRecordCache]
15:20:38.098 [restartedMain] INFO  c.a.d.p.DruidDataSource - [init,998] - {dataSource-1} inited
15:20:38.274 [restartedMain] INFO  o.a.s.c.e.EhCacheManager - [getCache,169] - Using existing EHCache named [sys-config]
15:20:38.277 [restartedMain] INFO  o.a.s.c.e.EhCacheManager - [getCache,169] - Using existing EHCache named [sys-config]
15:20:38.278 [restartedMain] INFO  o.a.s.c.e.EhCacheManager - [getCache,169] - Using existing EHCache named [sys-config]
15:20:38.278 [restartedMain] INFO  o.a.s.c.e.EhCacheManager - [getCache,169] - Using existing EHCache named [sys-config]
15:20:38.278 [restartedMain] INFO  o.a.s.c.e.EhCacheManager - [getCache,169] - Using existing EHCache named [sys-config]
15:20:38.279 [restartedMain] INFO  o.a.s.c.e.EhCacheManager - [getCache,169] - Using existing EHCache named [sys-config]
15:20:38.279 [restartedMain] INFO  o.a.s.c.e.EhCacheManager - [getCache,169] - Using existing EHCache named [sys-config]
15:20:38.280 [restartedMain] INFO  o.a.s.c.e.EhCacheManager - [getCache,169] - Using existing EHCache named [sys-config]
15:20:38.280 [restartedMain] INFO  o.a.s.c.e.EhCacheManager - [getCache,169] - Using existing EHCache named [sys-config]
15:20:38.280 [restartedMain] INFO  o.a.s.c.e.EhCacheManager - [getCache,169] - Using existing EHCache named [sys-config]
15:20:38.405 [restartedMain] INFO  o.a.s.c.e.EhCacheManager - [getCache,169] - Using existing EHCache named [sys-userCache]
15:20:38.670 [restartedMain] INFO  o.a.c.h.Http11NioProtocol - [log,173] - Initializing ProtocolHandler ["http-nio-6001"]
15:20:38.670 [restartedMain] INFO  o.a.c.c.StandardService - [log,173] - Starting service [Tomcat]
15:20:38.671 [restartedMain] INFO  o.a.c.c.StandardEngine - [log,173] - Starting Servlet engine: [Apache Tomcat/9.0.60]
15:20:38.772 [restartedMain] INFO  o.a.c.c.C.[.[.[/] - [log,173] - Initializing Spring embedded WebApplicationContext
15:20:39.193 [restartedMain] INFO  o.a.s.c.e.EhCacheManager - [getCache,169] - Using existing EHCache named [sys-dict]
15:20:39.193 [restartedMain] INFO  o.a.s.c.e.EhCacheManager - [getCache,169] - Using existing EHCache named [sys-dict]
15:20:39.194 [restartedMain] INFO  o.a.s.c.e.EhCacheManager - [getCache,169] - Using existing EHCache named [sys-dict]
15:20:39.194 [restartedMain] INFO  o.a.s.c.e.EhCacheManager - [getCache,169] - Using existing EHCache named [sys-dict]
15:20:39.194 [restartedMain] INFO  o.a.s.c.e.EhCacheManager - [getCache,169] - Using existing EHCache named [sys-dict]
15:20:39.195 [restartedMain] INFO  o.a.s.c.e.EhCacheManager - [getCache,169] - Using existing EHCache named [sys-dict]
15:20:39.195 [restartedMain] INFO  o.a.s.c.e.EhCacheManager - [getCache,169] - Using existing EHCache named [sys-dict]
15:20:39.195 [restartedMain] INFO  o.a.s.c.e.EhCacheManager - [getCache,169] - Using existing EHCache named [sys-dict]
15:20:39.195 [restartedMain] INFO  o.a.s.c.e.EhCacheManager - [getCache,169] - Using existing EHCache named [sys-dict]
15:20:39.195 [restartedMain] INFO  o.a.s.c.e.EhCacheManager - [getCache,169] - Using existing EHCache named [sys-dict]
15:20:41.135 [restartedMain] INFO  o.a.c.h.Http11NioProtocol - [log,173] - Starting ProtocolHandler ["http-nio-6001"]
15:20:41.169 [restartedMain] INFO  org.mortbay.log - [info,67] - Logging to Logger[org.mortbay.log] via org.mortbay.log.Slf4jLog
15:20:41.704 [restartedMain] INFO  c.r.RuoYiApplication - [logStarted,61] - Started RuoYiApplication in 10.163 seconds (JVM running for 11.15)
15:20:48.940 [http-nio-6001-exec-2] INFO  o.a.c.c.C.[.[.[/] - [log,173] - Initializing Spring DispatcherServlet 'dispatcherServlet'
15:20:48.963 [http-nio-6001-exec-2] INFO  o.a.s.s.m.AbstractValidatingSessionManager - [enableSessionValidation,233] - Enabling session validation scheduler...
15:20:49.162 [http-nio-6001-exec-2] INFO  o.a.s.c.e.EhCacheManager - [getCache,169] - Using existing EHCache named [shiro-activeSessionCache]
15:20:49.177 [schedule-pool-1] INFO  sys-user - [run,109] - [127.0.0.1]内网IP[admin][Success][登录成功]
15:20:49.520 [http-nio-6001-exec-3] INFO  o.a.s.c.e.EhCacheManager - [getCache,169] - Using existing EHCache named [sys-config]
15:20:49.524 [http-nio-6001-exec-3] INFO  o.a.s.c.e.EhCacheManager - [getCache,169] - Using existing EHCache named [sys-config]
15:20:49.524 [http-nio-6001-exec-3] INFO  o.a.s.c.e.EhCacheManager - [getCache,169] - Using existing EHCache named [sys-config]
15:20:49.524 [http-nio-6001-exec-3] INFO  o.a.s.c.e.EhCacheManager - [getCache,169] - Using existing EHCache named [sys-config]
15:20:49.525 [http-nio-6001-exec-3] INFO  o.a.s.c.e.EhCacheManager - [getCache,169] - Using existing EHCache named [sys-config]
15:20:49.525 [http-nio-6001-exec-3] INFO  o.a.s.c.e.EhCacheManager - [getCache,169] - Using existing EHCache named [sys-config]
15:20:49.525 [http-nio-6001-exec-3] INFO  o.a.s.c.e.EhCacheManager - [getCache,169] - Using existing EHCache named [sys-config]
15:20:49.981 [schedule-pool-1] INFO  c.r.f.s.w.s.OnlineWebSessionManager - [validateSessions,100] - invalidation sessions...
15:20:49.999 [schedule-pool-1] INFO  c.r.f.s.w.s.OnlineWebSessionManager - [validateSessions,165] - Finished invalidation session. No sessions were stopped.
15:29:21.065 [http-nio-6001-exec-37] INFO  o.a.s.c.e.EhCacheManager - [getCache,169] - Using existing EHCache named [sys-dict]
15:29:22.775 [http-nio-6001-exec-66] INFO  o.a.s.c.e.EhCacheManager - [getCache,169] - Using existing EHCache named [sys-dict]
15:29:22.782 [http-nio-6001-exec-66] INFO  o.a.s.c.e.EhCacheManager - [getCache,169] - Using existing EHCache named [sys-dict]
15:29:23.856 [http-nio-6001-exec-89] INFO  o.a.s.c.e.EhCacheManager - [getCache,169] - Using existing EHCache named [sys-dict]
15:29:23.868 [http-nio-6001-exec-89] INFO  o.a.s.c.e.EhCacheManager - [getCache,169] - Using existing EHCache named [sys-dict]
15:29:24.725 [http-nio-6001-exec-7] INFO  o.a.s.c.e.EhCacheManager - [getCache,169] - Using existing EHCache named [sys-dict]
15:29:24.737 [http-nio-6001-exec-7] INFO  o.a.s.c.e.EhCacheManager - [getCache,169] - Using existing EHCache named [sys-dict]
15:29:44.461 [http-nio-6001-exec-69] INFO  o.a.s.c.e.EhCacheManager - [getCache,169] - Using existing EHCache named [sys-dict]
15:29:46.289 [http-nio-6001-exec-96] INFO  o.a.s.c.e.EhCacheManager - [getCache,169] - Using existing EHCache named [sys-dict]
15:30:06.826 [http-nio-6001-exec-24] INFO  o.a.s.c.e.EhCacheManager - [getCache,169] - Using existing EHCache named [sys-dict]
15:30:07.631 [http-nio-6001-exec-39] INFO  o.a.s.c.e.EhCacheManager - [getCache,169] - Using existing EHCache named [sys-dict]
15:30:08.544 [http-nio-6001-exec-74] INFO  o.a.s.c.e.EhCacheManager - [getCache,169] - Using existing EHCache named [sys-dict]
15:30:50.013 [schedule-pool-3] INFO  c.r.f.s.w.s.OnlineWebSessionManager - [validateSessions,100] - invalidation sessions...
15:30:50.610 [schedule-pool-3] INFO  c.r.f.s.w.s.OnlineWebSessionManager - [validateSessions,165] - Finished invalidation session. No sessions were stopped.
15:32:11.471 [http-nio-6001-exec-12] INFO  o.a.s.c.e.EhCacheManager - [getCache,169] - Using existing EHCache named [sys-config]
15:32:11.490 [http-nio-6001-exec-12] INFO  o.a.s.c.e.EhCacheManager - [getCache,169] - Using existing EHCache named [sys-config]
15:32:11.490 [http-nio-6001-exec-12] INFO  o.a.s.c.e.EhCacheManager - [getCache,169] - Using existing EHCache named [sys-config]
15:32:11.491 [http-nio-6001-exec-12] INFO  o.a.s.c.e.EhCacheManager - [getCache,169] - Using existing EHCache named [sys-config]
15:32:11.491 [http-nio-6001-exec-12] INFO  o.a.s.c.e.EhCacheManager - [getCache,169] - Using existing EHCache named [sys-config]
15:32:11.491 [http-nio-6001-exec-12] INFO  o.a.s.c.e.EhCacheManager - [getCache,169] - Using existing EHCache named [sys-config]
15:32:11.491 [http-nio-6001-exec-12] INFO  o.a.s.c.e.EhCacheManager - [getCache,169] - Using existing EHCache named [sys-config]
15:36:41.921 [SpringApplicationShutdownHook] INFO  sys-user - [shutdownSpringSessionValidationScheduler,45] - ====关闭会话验证任务====
15:36:41.945 [SpringApplicationShutdownHook] INFO  sys-user - [shutdownAsyncManager,62] - ====关闭后台任务任务线程池====
15:36:41.946 [SpringApplicationShutdownHook] INFO  sys-user - [shutdownEhCacheManager,75] - ====关闭缓存====
15:36:41.979 [SpringApplicationShutdownHook] INFO  c.a.d.p.DruidDataSource - [close,2071] - {dataSource-1} closing ...
15:36:41.994 [SpringApplicationShutdownHook] INFO  c.a.d.p.DruidDataSource - [close,2144] - {dataSource-1} closed
